<?xml version="1.0" encoding="UTF-8"?>
<!-- Generated by org.testng.reporters.JUnitXMLReporter -->
<testsuite ignored="2" hostname="Chaitanya" failures="1" tests="4" name="Test" time="35.325" errors="0" timestamp="2021-04-02T19:04:53 IST">
  <testcase classname="syklone.tundra.Homepagerediff" name="logNavigation" time="12.127"/>
  <testcase classname="syklone.tundra.Homepagerediff" name="logNavigation" time="15.034"/>
  <testcase classname="syklone.tundra.AppTest" name="shouldAnswerWithTrue" time="0.014">
    <failure type="org.junit.ComparisonFailure" message="expected:&amp;lt;... page of the interne[]&amp;gt; but was:&amp;lt;... page of the interne[t]&amp;gt;">
      <![CDATA[org.junit.ComparisonFailure: expected:<... page of the interne[]> but was:<... page of the interne[t]>
at org.junit.Assert.assertEquals(Assert.java:115)
at org.junit.Assert.assertEquals(Assert.java:144)
at syklone.tundra.AppTest.shouldAnswerWithTrue(AppTest.java:33)
at java.base/java.util.ArrayList.forEach(ArrayList.java:1511)
... Removed 27 stack frames]]>
    </failure>
  </testcase> <!-- shouldAnswerWithTrue -->
  <testcase classname="syklone.tundra.landingPage" name="Search" time="7.644"/>
  <testcase classname="syklone.tundra.Base" name="@AfterSuite teardown" time="0.0">
    <ignored/>
  </testcase> <!-- @AfterSuite teardown -->
  <testcase classname="syklone.tundra.Base" name="@AfterSuite teardown" time="0.0">
    <ignored/>
  </testcase> <!-- @AfterSuite teardown -->
</testsuite> <!-- Test -->
