<?xml version="1.0" encoding="UTF-8"?>
<testng-results ignored="2" total="6" passed="3" failed="1" skipped="0">
  <reporter-output>
  </reporter-output>
  <suite started-at="2021-04-03T15:17:32 IST" name="Suite" finished-at="2021-04-03T15:18:02 IST" duration-ms="30028">
    <groups>
    </groups>
    <test started-at="2021-04-03T15:17:32 IST" name="Test" finished-at="2021-04-03T15:18:02 IST" duration-ms="30028">
      <class name="syklone.tundra.Homepagerediff">
        <test-method signature="logNavigation(java.lang.String,java.lang.String)[pri:0, instance:syklone.tundra.Homepagerediff@2555fff0]" started-at="2021-04-03T15:17:32 IST" name="logNavigation" data-provider="data" finished-at="2021-04-03T15:17:43 IST" duration-ms="11105" status="PASS">
          <params>
            <param index="0">
              <value>
                <![CDATA[Shillofnoone]]>
              </value>
            </param>
            <param index="1">
              <value>
                <![CDATA[123@VRKc]]>
              </value>
            </param>
          </params>
          <reporter-output>
          </reporter-output>
        </test-method> <!-- logNavigation -->
        <test-method signature="logNavigation(java.lang.String,java.lang.String)[pri:0, instance:syklone.tundra.Homepagerediff@2555fff0]" started-at="2021-04-03T15:17:43 IST" name="logNavigation" data-provider="data" finished-at="2021-04-03T15:17:54 IST" duration-ms="10786" status="PASS">
          <params>
            <param index="0">
              <value>
                <![CDATA[Shillofnoone]]>
              </value>
            </param>
            <param index="1">
              <value>
                <![CDATA[123@VRKc]]>
              </value>
            </param>
          </params>
          <reporter-output>
          </reporter-output>
        </test-method> <!-- logNavigation -->
        <test-method is-config="true" signature="teardown()[pri:0, instance:syklone.tundra.Homepagerediff@2555fff0]" started-at="2021-04-03T15:18:03 IST" name="teardown" finished-at="2021-04-03T15:18:03 IST" duration-ms="909" status="PASS">
          <reporter-output>
          </reporter-output>
        </test-method> <!-- teardown -->
      </class> <!-- syklone.tundra.Homepagerediff -->
      <class name="syklone.tundra.landingPage">
        <test-method signature="Search()[pri:0, instance:syklone.tundra.landingPage@3b1bb3ab]" started-at="2021-04-03T15:17:57 IST" name="Search" finished-at="2021-04-03T15:18:02 IST" duration-ms="5057" status="PASS">
          <reporter-output>
          </reporter-output>
        </test-method> <!-- Search -->
      </class> <!-- syklone.tundra.landingPage -->
      <class name="syklone.tundra.AppTest">
        <test-method signature="shouldAnswerWithTrue()[pri:0, instance:syklone.tundra.AppTest@70e29e14]" started-at="2021-04-03T15:17:54 IST" name="shouldAnswerWithTrue" finished-at="2021-04-03T15:17:54 IST" duration-ms="15" status="FAIL">
          <exception class="org.junit.ComparisonFailure">
            <message>
              <![CDATA[expected:<... page of the interne[]> but was:<... page of the interne[t]>]]>
            </message>
            <full-stacktrace>
              <![CDATA[org.junit.ComparisonFailure: expected:<... page of the interne[]> but was:<... page of the interne[t]>
at org.junit.Assert.assertEquals(Assert.java:115)
at org.junit.Assert.assertEquals(Assert.java:144)
at syklone.tundra.AppTest.shouldAnswerWithTrue(AppTest.java:33)
at java.base/jdk.internal.reflect.NativeMethodAccessorImpl.invoke0(Native Method)
at java.base/jdk.internal.reflect.NativeMethodAccessorImpl.invoke(NativeMethodAccessorImpl.java:62)
at java.base/jdk.internal.reflect.DelegatingMethodAccessorImpl.invoke(DelegatingMethodAccessorImpl.java:43)
at java.base/java.lang.reflect.Method.invoke(Method.java:566)
at org.testng.internal.MethodInvocationHelper.invokeMethod(MethodInvocationHelper.java:133)
at org.testng.internal.TestInvoker.invokeMethod(TestInvoker.java:598)
at org.testng.internal.TestInvoker.invokeTestMethod(TestInvoker.java:173)
at org.testng.internal.MethodRunner.runInSequence(MethodRunner.java:46)
at org.testng.internal.TestInvoker$MethodInvocationAgent.invoke(TestInvoker.java:824)
at org.testng.internal.TestInvoker.invokeTestMethods(TestInvoker.java:146)
at org.testng.internal.TestMethodWorker.invokeTestMethods(TestMethodWorker.java:146)
at org.testng.internal.TestMethodWorker.run(TestMethodWorker.java:128)
at java.base/java.util.ArrayList.forEach(ArrayList.java:1541)
at org.testng.TestRunner.privateRun(TestRunner.java:794)
at org.testng.TestRunner.run(TestRunner.java:596)
at org.testng.SuiteRunner.runTest(SuiteRunner.java:377)
at org.testng.SuiteRunner.runSequentially(SuiteRunner.java:371)
at org.testng.SuiteRunner.privateRun(SuiteRunner.java:332)
at org.testng.SuiteRunner.run(SuiteRunner.java:276)
at org.testng.SuiteRunnerWorker.runSuite(SuiteRunnerWorker.java:53)
at org.testng.SuiteRunnerWorker.run(SuiteRunnerWorker.java:96)
at org.testng.TestNG.runSuitesSequentially(TestNG.java:1212)
at org.testng.TestNG.runSuitesLocally(TestNG.java:1134)
at org.testng.TestNG.runSuites(TestNG.java:1063)
at org.testng.TestNG.run(TestNG.java:1031)
at org.apache.maven.surefire.testng.TestNGExecutor.run(TestNGExecutor.java:283)
at org.apache.maven.surefire.testng.TestNGXmlTestSuite.execute(TestNGXmlTestSuite.java:75)
at org.apache.maven.surefire.testng.TestNGProvider.invoke(TestNGProvider.java:120)
at org.apache.maven.surefire.booter.ForkedBooter.invokeProviderInSameClassLoader(ForkedBooter.java:384)
at org.apache.maven.surefire.booter.ForkedBooter.runSuitesInProcess(ForkedBooter.java:345)
at org.apache.maven.surefire.booter.ForkedBooter.execute(ForkedBooter.java:126)
at org.apache.maven.surefire.booter.ForkedBooter.main(ForkedBooter.java:418)
]]>
            </full-stacktrace>
          </exception> <!-- org.junit.ComparisonFailure -->
          <reporter-output>
          </reporter-output>
        </test-method> <!-- shouldAnswerWithTrue -->
      </class> <!-- syklone.tundra.AppTest -->
    </test> <!-- Test -->
  </suite> <!-- Suite -->
</testng-results>
