<?xml version="1.0" encoding="UTF-8"?>
<testsuite xmlns:xsi="http://www.w3.org/2001/XMLSchema-instance" xsi:noNamespaceSchemaLocation="https://maven.apache.org/surefire/maven-surefire-plugin/xsd/surefire-test-report.xsd" name="TestSuite" time="32.77" tests="4" errors="0" skipped="0" failures="1">
  <properties>
[...]
</properties>
  <testcase name="logNavigation" classname="syklone.tundra.Homepagerediff" time="11.106"/>
  <testcase name="logNavigation" classname="syklone.tundra.Homepagerediff" time="10.785"/>
  <testcase name="shouldAnswerWithTrue" classname="syklone.tundra.AppTest" time="3.044">
    <failure message="expected:&lt;... page of the interne[]&gt; but was:&lt;... page of the interne[t]&gt;" type="org.junit.ComparisonFailure"><![CDATA[org.junit.ComparisonFailure: expected:<... page of the interne[]> but was:<... page of the interne[t]>
	at syklone.tundra.AppTest.shouldAnswerWithTrue(AppTest.java:33)
]]></failure>
    <system-out><![CDATA[reddit: the front page of the internet
tcfailedshouldAnswerWithTrue
]]></system-out>
  </testcase>
  <testcase name="Search" classname="syklone.tundra.landingPage" time="5.058"/>
</testsuite>