-------------------------------------------------------------------------------
Test set: TestSuite
-------------------------------------------------------------------------------
Tests run: 4, Failures: 1, Errors: 0, Skipped: 0, Time elapsed: 32.77 s <<< FAILURE! - in TestSuite
shouldAnswerWithTrue(syklone.tundra.AppTest)  Time elapsed: 3.044 s  <<< FAILURE!
org.junit.ComparisonFailure: expected:<... page of the interne[]> but was:<... page of the interne[t]>
	at syklone.tundra.AppTest.shouldAnswerWithTrue(AppTest.java:33)

