<?xml version="1.0" encoding="UTF-8"?>
<testng-results ignored="2" total="6" passed="3" failed="1" skipped="0">
  <reporter-output>
  </reporter-output>
  <suite started-at="2021-04-02T19:04:17 IST" name="Suite" finished-at="2021-04-02T19:04:53 IST" duration-ms="35325">
    <groups>
    </groups>
    <test started-at="2021-04-02T19:04:17 IST" name="Test" finished-at="2021-04-02T19:04:53 IST" duration-ms="35325">
      <class name="syklone.tundra.Homepagerediff">
        <test-method signature="logNavigation(java.lang.String, java.lang.String)[pri:0, instance:syklone.tundra.Homepagerediff@2783717b]" started-at="2021-04-02T19:04:17 IST" name="logNavigation" data-provider="data" finished-at="2021-04-02T19:04:30 IST" duration-ms="12127" status="PASS">
          <params>
            <param index="0">
              <value>
                <![CDATA[Shillofnoone]]>
              </value>
            </param>
            <param index="1">
              <value>
                <![CDATA[123@VRKc]]>
              </value>
            </param>
          </params>
          <reporter-output>
          </reporter-output>
        </test-method> <!-- logNavigation -->
        <test-method signature="logNavigation(java.lang.String, java.lang.String)[pri:0, instance:syklone.tundra.Homepagerediff@2783717b]" started-at="2021-04-02T19:04:30 IST" name="logNavigation" data-provider="data" finished-at="2021-04-02T19:04:45 IST" duration-ms="15034" status="PASS">
          <params>
            <param index="0">
              <value>
                <![CDATA[Shillofnoone]]>
              </value>
            </param>
            <param index="1">
              <value>
                <![CDATA[123@VRKc]]>
              </value>
            </param>
          </params>
          <reporter-output>
          </reporter-output>
        </test-method> <!-- logNavigation -->
        <test-method is-config="true" signature="teardown()[pri:0, instance:syklone.tundra.Homepagerediff@2783717b]" started-at="2021-04-02T19:04:53 IST" name="teardown" finished-at="2021-04-02T19:04:54 IST" duration-ms="728" status="PASS">
          <reporter-output>
          </reporter-output>
        </test-method> <!-- teardown -->
      </class> <!-- syklone.tundra.Homepagerediff -->
      <class name="syklone.tundra.landingPage">
        <test-method signature="Search()[pri:0, instance:syklone.tundra.landingPage@4a335fa8]" started-at="2021-04-02T19:04:45 IST" name="Search" finished-at="2021-04-02T19:04:53 IST" duration-ms="7644" status="PASS">
          <reporter-output>
          </reporter-output>
        </test-method> <!-- Search -->
      </class> <!-- syklone.tundra.landingPage -->
      <class name="syklone.tundra.AppTest">
        <test-method signature="shouldAnswerWithTrue()[pri:0, instance:syklone.tundra.AppTest@76f7d241]" started-at="2021-04-02T19:04:45 IST" name="shouldAnswerWithTrue" finished-at="2021-04-02T19:04:45 IST" duration-ms="14" status="FAIL">
          <exception class="org.junit.ComparisonFailure">
            <message>
              <![CDATA[expected:<... page of the interne[]> but was:<... page of the interne[t]>]]>
            </message>
            <full-stacktrace>
              <![CDATA[org.junit.ComparisonFailure: expected:<... page of the interne[]> but was:<... page of the interne[t]>
at org.junit.Assert.assertEquals(Assert.java:115)
at org.junit.Assert.assertEquals(Assert.java:144)
at syklone.tundra.AppTest.shouldAnswerWithTrue(AppTest.java:33)
at java.base/jdk.internal.reflect.NativeMethodAccessorImpl.invoke0(Native Method)
at java.base/jdk.internal.reflect.NativeMethodAccessorImpl.invoke(NativeMethodAccessorImpl.java:64)
at java.base/jdk.internal.reflect.DelegatingMethodAccessorImpl.invoke(DelegatingMethodAccessorImpl.java:43)
at java.base/java.lang.reflect.Method.invoke(Method.java:564)
at org.testng.internal.MethodInvocationHelper.invokeMethod(MethodInvocationHelper.java:132)
at org.testng.internal.TestInvoker.invokeMethod(TestInvoker.java:599)
at org.testng.internal.TestInvoker.invokeTestMethod(TestInvoker.java:174)
at org.testng.internal.MethodRunner.runInSequence(MethodRunner.java:46)
at org.testng.internal.TestInvoker$MethodInvocationAgent.invoke(TestInvoker.java:822)
at org.testng.internal.TestInvoker.invokeTestMethods(TestInvoker.java:147)
at org.testng.internal.TestMethodWorker.invokeTestMethods(TestMethodWorker.java:146)
at org.testng.internal.TestMethodWorker.run(TestMethodWorker.java:128)
at java.base/java.util.ArrayList.forEach(ArrayList.java:1511)
at org.testng.TestRunner.privateRun(TestRunner.java:764)
at org.testng.TestRunner.run(TestRunner.java:585)
at org.testng.SuiteRunner.runTest(SuiteRunner.java:384)
at org.testng.SuiteRunner.runSequentially(SuiteRunner.java:378)
at org.testng.SuiteRunner.privateRun(SuiteRunner.java:337)
at org.testng.SuiteRunner.run(SuiteRunner.java:286)
at org.testng.SuiteRunnerWorker.runSuite(SuiteRunnerWorker.java:53)
at org.testng.SuiteRunnerWorker.run(SuiteRunnerWorker.java:96)
at org.testng.TestNG.runSuitesSequentially(TestNG.java:1218)
at org.testng.TestNG.runSuitesLocally(TestNG.java:1140)
at org.testng.TestNG.runSuites(TestNG.java:1069)
at org.testng.TestNG.run(TestNG.java:1037)
at org.testng.remote.AbstractRemoteTestNG.run(AbstractRemoteTestNG.java:115)
at org.testng.remote.RemoteTestNG.initAndRun(RemoteTestNG.java:251)
at org.testng.remote.RemoteTestNG.main(RemoteTestNG.java:77)
]]>
            </full-stacktrace>
          </exception> <!-- org.junit.ComparisonFailure -->
          <reporter-output>
          </reporter-output>
        </test-method> <!-- shouldAnswerWithTrue -->
      </class> <!-- syklone.tundra.AppTest -->
    </test> <!-- Test -->
  </suite> <!-- Suite -->
</testng-results>
